[debug] [2025-09-27T20:55:45.418Z] ----------------------------------------------------------------------
[debug] [2025-09-27T20:55:45.423Z] Command:       C:\Program Files\nodejs\node.exe C:\Users\user\AppData\Roaming\npm\node_modules\firebase-tools\lib\bin\firebase.js init hosting
[debug] [2025-09-27T20:55:45.424Z] CLI Version:   14.17.0
[debug] [2025-09-27T20:55:45.424Z] Platform:      win32
[debug] [2025-09-27T20:55:45.424Z] Node Version:  v22.17.0
[debug] [2025-09-27T20:55:45.425Z] Time:          Sat Sep 27 2025 17:55:45 GMT-0300 (Horário Padrão de Brasília)
[debug] [2025-09-27T20:55:45.425Z] ----------------------------------------------------------------------
[debug] 
[debug] [2025-09-27T20:55:45.429Z] >>> [apiv2][query] GET https://firebase-public.firebaseio.com/cli.json [none]
[debug] [2025-09-27T20:55:45.908Z] > command requires scopes: ["email","openid","https://www.googleapis.com/auth/cloudplatformprojects.readonly","https://www.googleapis.com/auth/firebase","https://www.googleapis.com/auth/cloud-platform"]
[debug] [2025-09-27T20:55:45.908Z] > authorizing via signed-in user (brayanferreiradacruz2@gmail.com)
[info] 
     ######## #### ########  ######## ########     ###     ######  ########
     ##        ##  ##     ## ##       ##     ##  ##   ##  ##       ##
     ######    ##  ########  ######   ########  #########  ######  ######
     ##        ##  ##    ##  ##       ##     ## ##     ##       ## ##
     ##       #### ##     ## ######## ########  ##     ##  ######  ########

You're about to initialize a Firebase project in this directory:

  C:\Users\user\OneDrive\Music\projetos\anoteaqui

Before we get started, keep in mind:

  * You are initializing within an existing Firebase project directory

[debug] [2025-09-27T20:55:46.300Z] <<< [apiv2][status] GET https://firebase-public.firebaseio.com/cli.json 200
[debug] [2025-09-27T20:55:46.301Z] <<< [apiv2][body] GET https://firebase-public.firebaseio.com/cli.json {"cloudBuildErrorAfter":1594252800000,"cloudBuildWarnAfter":1590019200000,"defaultNode10After":1594252800000,"minVersion":"3.0.5","node8DeploysDisabledAfter":1613390400000,"node8RuntimeDisabledAfter":1615809600000,"node8WarnAfter":1600128000000}
